Flow report for iis
Fri Jun 05 16:49:48 2020
Quartus II Version 8.1 Build 163 10/28/2008 SJ Full Version


---------------------
; Table of Contents ;
---------------------
  1. Legal Notice
  2. Flow Summary
  3. Flow Settings
  4. Flow Non-Default Global Settings
  5. Flow Elapsed Time
  6. Flow OS Summary
  7. Flow Log



----------------
; Legal Notice ;
----------------
Copyright (C) 1991-2008 Altera Corporation
Your use of Altera Corporation's design tools, logic functions 
and other software and tools, and its AMPP partner logic 
functions, and any output files from any of the foregoing 
(including device programming or simulation files), and any 
associated documentation or information are expressly subject 
to the terms and conditions of the Altera Program License 
Subscription Agreement, Altera MegaCore Function License 
Agreement, or other applicable license agreement, including, 
without limitation, that your use is for the sole purpose of 
programming logic devices manufactured by Altera and sold by 
Altera or its authorized distributors.  Please refer to the 
applicable agreement for further details.



+--------------------------------------------------------------------+
; Flow Summary                                                       ;
+-------------------------+------------------------------------------+
; Flow Status             ; Successful - Fri Jun 05 16:49:48 2020    ;
; Quartus II Version      ; 8.1 Build 163 10/28/2008 SJ Full Version ;
; Revision Name           ; iis                                      ;
; Top-level Entity Name   ; iis                                      ;
; Family                  ; MAX II                                   ;
; Device                  ; EPM240T100C5                             ;
; Timing Models           ; Final                                    ;
; Met timing requirements ; Yes                                      ;
; Total logic elements    ; 33 / 240 ( 14 % )                        ;
; Total pins              ; 16 / 80 ( 20 % )                         ;
; Total virtual pins      ; 0                                        ;
; UFM blocks              ; 0 / 1 ( 0 % )                            ;
+-------------------------+------------------------------------------+


+-----------------------------------------+
; Flow Settings                           ;
+-------------------+---------------------+
; Option            ; Setting             ;
+-------------------+---------------------+
; Start date & time ; 06/05/2020 16:49:44 ;
; Main task         ; Compilation         ;
; Revision Name     ; iis                 ;
+-------------------+---------------------+


+----------------------------------------------------------------------------------------------------------------------------------------------------------------------+
; Flow Non-Default Global Settings                                                                                                                                     ;
+---------------------------------------------------+--------------------------------------------------+--------------------------------+-------------+----------------+
; Assignment Name                                   ; Value                                            ; Default Value                  ; Entity Name ; Section Id     ;
+---------------------------------------------------+--------------------------------------------------+--------------------------------+-------------+----------------+
; AUTO_GLOBAL_CLOCK_MAX                             ; Off                                              ; On                             ; --          ; --             ;
; AUTO_GLOBAL_OE_MAX                                ; Off                                              ; On                             ; --          ; --             ;
; AUTO_OPEN_DRAIN_PINS                              ; Off                                              ; On                             ; --          ; --             ;
; AUTO_PARALLEL_EXPANDERS                           ; Off                                              ; On                             ; --          ; --             ;
; AUTO_RESOURCE_SHARING                             ; On                                               ; Off                            ; --          ; --             ;
; COMPILER_SIGNATURE_ID                             ; 207120312909265.159134698304144                  ; --                             ; --          ; --             ;
; DO_COMBINED_ANALYSIS                              ; On                                               ; Off                            ; --          ; --             ;
; ENABLE_CLOCK_LATENCY                              ; On                                               ; Off                            ; --          ; --             ;
; FITTER_EFFORT                                     ; Standard Fit                                     ; Auto Fit                       ; --          ; --             ;
; FMAX_REQUIREMENT                                  ; 25 MHz                                           ; --                             ; --          ; --             ;
; INCREMENTAL_COMPILATION                           ; Off                                              ; FULL_INCREMENTAL_COMPILATION   ; --          ; --             ;
; MAXII_OPTIMIZATION_TECHNIQUE                      ; Speed                                            ; Balanced                       ; --          ; --             ;
; MAX_AUTO_GLOBAL_REGISTER_CONTROLS                 ; Off                                              ; On                             ; --          ; --             ;
; MAX_CORE_JUNCTION_TEMP                            ; 85                                               ; --                             ; --          ; --             ;
; MIN_CORE_JUNCTION_TEMP                            ; 0                                                ; --                             ; --          ; --             ;
; MISC_FILE                                         ; E:/altera/我的工程/iisvhdl/iis.dpf               ; --                             ; --          ; --             ;
; MISC_FILE                                         ; E:/altera/我的工程/TDA1543_XLR_vhdl/iis.dpf      ; --                             ; --          ; --             ;
; MISC_FILE                                         ; D:/EDA/altera/我的工程/TDA1543_XLR_vhdl/iis.dpf  ; --                             ; --          ; --             ;
; MISC_FILE                                         ; Y:/垃圾堆/工程/FPGA/stm32_i2s_divider/iis.dpf    ; --                             ; --          ; --             ;
; MISC_FILE                                         ; Y:/垃圾堆/工程/FPGA/stm32_i2s_divider-v2/iis.dpf ; --                             ; --          ; --             ;
; MISC_FILE                                         ; Z:/pcb/505/stm32_i2s_divider-v2/iis.dpf          ; --                             ; --          ; --             ;
; MISC_FILE                                         ; Y:/垃圾堆/工程/FPGA/i2s_divider_505/iis.dpf      ; --                             ; --          ; --             ;
; NUMBER_OF_PATHS_TO_REPORT                         ; 20                                               ; 200                            ; --          ; --             ;
; NUM_PARALLEL_PROCESSORS                           ; All                                              ; --                             ; --          ; --             ;
; OPTIMIZE_HOLD_TIMING                              ; All Paths                                        ; IO Paths and Minimum TPD Paths ; --          ; --             ;
; OPTIMIZE_MULTI_CORNER_TIMING                      ; On                                               ; Off                            ; --          ; --             ;
; PARTITION_COLOR                                   ; 16764057                                         ; --                             ; --          ; Top            ;
; PARTITION_NETLIST_TYPE                            ; SOURCE                                           ; --                             ; --          ; Top            ;
; PHYSICAL_SYNTHESIS_ASYNCHRONOUS_SIGNAL_PIPELINING ; On                                               ; Off                            ; --          ; --             ;
; PHYSICAL_SYNTHESIS_COMBO_LOGIC                    ; On                                               ; Off                            ; --          ; --             ;
; PHYSICAL_SYNTHESIS_COMBO_LOGIC_FOR_AREA           ; On                                               ; Off                            ; --          ; --             ;
; PHYSICAL_SYNTHESIS_EFFORT                         ; Extra                                            ; Normal                         ; --          ; --             ;
; PHYSICAL_SYNTHESIS_MAP_LOGIC_TO_MEMORY_FOR_AREA   ; On                                               ; Off                            ; --          ; --             ;
; PHYSICAL_SYNTHESIS_REGISTER_DUPLICATION           ; On                                               ; Off                            ; --          ; --             ;
; PHYSICAL_SYNTHESIS_REGISTER_RETIMING              ; On                                               ; Off                            ; --          ; --             ;
; POWER_EXT_SUPPLY_VOLTAGE_TO_REGULATOR             ; 3.3V                                             ; --                             ; --          ; --             ;
; POWER_PRESET_COOLING_SOLUTION                     ; No Heat Sink With Still Air                      ; --                             ; --          ; --             ;
; SMART_RECOMPILE                                   ; On                                               ; Off                            ; --          ; --             ;
; USE_GENERATED_PHYSICAL_CONSTRAINTS                ; Off                                              ; --                             ; --          ; eda_blast_fpga ;
; WEAK_PULL_UP_RESISTOR                             ; On                                               ; Off                            ; --          ; --             ;
+---------------------------------------------------+--------------------------------------------------+--------------------------------+-------------+----------------+


+-----------------------------------------------------------------------------------------------------------------------------+
; Flow Elapsed Time                                                                                                           ;
+-------------------------+--------------+-------------------------+---------------------+------------------------------------+
; Module Name             ; Elapsed Time ; Average Processors Used ; Peak Virtual Memory ; Total CPU Time (on all processors) ;
+-------------------------+--------------+-------------------------+---------------------+------------------------------------+
; Analysis & Synthesis    ; 00:00:01     ; 1.0                     ; 245 MB              ; 00:00:01                           ;
; Fitter                  ; 00:00:01     ; 1.0                     ; 266 MB              ; 00:00:01                           ;
; Assembler               ; 00:00:01     ; 1.0                     ; 206 MB              ; 00:00:00                           ;
; Classic Timing Analyzer ; 00:00:01     ; 1.0                     ; 179 MB              ; 00:00:00                           ;
; Total                   ; 00:00:04     ; --                      ; --                  ; 00:00:02                           ;
+-------------------------+--------------+-------------------------+---------------------+------------------------------------+


+------------------------------------------------------------------------------------------+
; Flow OS Summary                                                                          ;
+-------------------------+------------------+---------------+------------+----------------+
; Module Name             ; Machine Hostname ; OS Name       ; OS Version ; Processor type ;
+-------------------------+------------------+---------------+------------+----------------+
; Analysis & Synthesis    ; RAMWIN8.1        ; Windows Vista ; 6.2        ; x86_64         ;
; Fitter                  ; RAMWIN8.1        ; Windows Vista ; 6.2        ; x86_64         ;
; Assembler               ; RAMWIN8.1        ; Windows Vista ; 6.2        ; x86_64         ;
; Classic Timing Analyzer ; RAMWIN8.1        ; Windows Vista ; 6.2        ; x86_64         ;
+-------------------------+------------------+---------------+------------+----------------+


------------
; Flow Log ;
------------
quartus_map --read_settings_files=on --write_settings_files=off iis -c iis
quartus_fit --read_settings_files=off --write_settings_files=off iis -c iis
quartus_asm --read_settings_files=off --write_settings_files=off iis -c iis
quartus_tan --read_settings_files=off --write_settings_files=off iis -c iis



